Start testing: Aug 06 22:13 CST
----------------------------------------------------------
1/8 Testing: tst_smoke
1/8 Test: tst_smoke
Command: "/home/victor/c_proj/plc_host/build/tests/tst_smoke"
Directory: /home/victor/c_proj/plc_host/build/tests
"tst_smoke" start time: Aug 06 22:13 CST
Output:
----------------------------------------------------------
********* Start testing of SmokeTest *********
Config: Using QtTest library 6.4.2, Qt 6.4.2 (x86_64-little_endian-lp64 shared (dynamic) release build; by GCC 13.2.0), ubuntu 24.04
PASS   : SmokeTest::initTestCase()
PASS   : SmokeTest::alwaysPasses()
PASS   : SmokeTest::cleanupTestCase()
Totals: 3 passed, 0 failed, 0 skipped, 0 blacklisted, 0ms
********* Finished testing of SmokeTest *********
<end of output>
Test time =   0.01 sec
----------------------------------------------------------
Test Passed.
"tst_smoke" end time: Aug 06 22:13 CST
"tst_smoke" time elapsed: 00:00:00
----------------------------------------------------------

2/8 Testing: tst_DomainModels
2/8 Test: tst_DomainModels
Command: "/home/victor/c_proj/plc_host/build/tests/tst_DomainModels"
Directory: /home/victor/c_proj/plc_host/build/tests
"tst_DomainModels" start time: Aug 06 22:13 CST
Output:
----------------------------------------------------------
********* Start testing of DomainModelsTest *********
Config: Using QtTest library 6.4.2, Qt 6.4.2 (x86_64-little_endian-lp64 shared (dynamic) release build; by GCC 13.2.0), ubuntu 24.04
PASS   : DomainModelsTest::initTestCase()
PASS   : DomainModelsTest::tag_registerCount_UInt16_returns_1()
PASS   : DomainModelsTest::tag_registerCount_Int32_returns_2()
PASS   : DomainModelsTest::tag_registerCount_Float32_returns_2()
PASS   : DomainModelsTest::tag_registerCount_Bool_returns_1()
PASS   : DomainModelsTest::tag_modbusAddress_returns_address()
PASS   : DomainModelsTest::tagValue_default_quality_is_Disconnected()
PASS   : DomainModelsTest::tagValue_default_tagId_is_negative()
PASS   : DomainModelsTest::cleanupTestCase()
Totals: 9 passed, 0 failed, 0 skipped, 0 blacklisted, 0ms
********* Finished testing of DomainModelsTest *********
<end of output>
Test time =   0.01 sec
----------------------------------------------------------
Test Passed.
"tst_DomainModels" end time: Aug 06 22:13 CST
"tst_DomainModels" time elapsed: 00:00:00
----------------------------------------------------------

3/8 Testing: tst_DatabaseMigrations
3/8 Test: tst_DatabaseMigrations
Command: "/home/victor/c_proj/plc_host/build/tests/tst_DatabaseMigrations"
Directory: /home/victor/c_proj/plc_host/build/tests
"tst_DatabaseMigrations" start time: Aug 06 22:13 CST
Output:
----------------------------------------------------------
********* Start testing of DatabaseMigrationsTest *********
Config: Using QtTest library 6.4.2, Qt 6.4.2 (x86_64-little_endian-lp64 shared (dynamic) release build; by GCC 13.2.0), ubuntu 24.04
PASS   : DatabaseMigrationsTest::initTestCase()
PASS   : DatabaseMigrationsTest::migrate_creates_all_tables()
PASS   : DatabaseMigrationsTest::migrate_idempotent()
PASS   : DatabaseMigrationsTest::currentVersion_returns_1_after_migration()
PASS   : DatabaseMigrationsTest::cleanupTestCase()
Totals: 5 passed, 0 failed, 0 skipped, 0 blacklisted, 85ms
********* Finished testing of DatabaseMigrationsTest *********
<end of output>
Test time =   0.09 sec
----------------------------------------------------------
Test Passed.
"tst_DatabaseMigrations" end time: Aug 06 22:13 CST
"tst_DatabaseMigrations" time elapsed: 00:00:00
----------------------------------------------------------

4/8 Testing: tst_ValueCodec
4/8 Test: tst_ValueCodec
Command: "/home/victor/c_proj/plc_host/build/tests/tst_ValueCodec"
Directory: /home/victor/c_proj/plc_host/build/tests
"tst_ValueCodec" start time: Aug 06 22:13 CST
Output:
----------------------------------------------------------
********* Start testing of ValueCodecTest *********
Config: Using QtTest library 6.4.2, Qt 6.4.2 (x86_64-little_endian-lp64 shared (dynamic) release build; by GCC 13.2.0), ubuntu 24.04
PASS   : ValueCodecTest::initTestCase()
PASS   : ValueCodecTest::modbusAddress_zeroBased()
PASS   : ValueCodecTest::toBase0_zeroBased_unchanged()
PASS   : ValueCodecTest::toBase0_oneBased_subtractsOne()
PASS   : ValueCodecTest::decode_UInt16_ABCD()
PASS   : ValueCodecTest::decode_UInt16_offsetWithinBlock()
PASS   : ValueCodecTest::decode_Int16_negative()
PASS   : ValueCodecTest::decode_Int32_allByteOrders_positive()
PASS   : ValueCodecTest::decode_Int32_allByteOrders_negative()
PASS   : ValueCodecTest::decode_Float32_allByteOrders()
PASS   : ValueCodecTest::decode_Float32_negative()
PASS   : ValueCodecTest::decode_UInt32_max()
PASS   : ValueCodecTest::decode_UInt32_allByteOrders()
PASS   : ValueCodecTest::decode_Bool_coil()
PASS   : ValueCodecTest::decode_Bool_registerBit()
PASS   : ValueCodecTest::decode_BitField_singleBit()
PASS   : ValueCodecTest::decode_BitField_multiBit()
PASS   : ValueCodecTest::encode_UInt16()
PASS   : ValueCodecTest::encode_Int32()
PASS   : ValueCodecTest::encode_Float32_allByteOrders()
PASS   : ValueCodecTest::encode_Bool()
QWARN  : ValueCodecTest::testEncodeScaleZero() ValueCodec::encode: scale is zero for tag ""
PASS   : ValueCodecTest::testEncodeScaleZero()
QWARN  : ValueCodecTest::testEncodeRejectsNaN() ValueCodec::encode: value nan not representable as 1 raw value for tag ""
QWARN  : ValueCodecTest::testEncodeRejectsNaN() ValueCodec::encode: value inf not representable as 1 raw value for tag ""
PASS   : ValueCodecTest::testEncodeRejectsNaN()
QWARN  : ValueCodecTest::testEncodeRejectsOverflow() ValueCodec::encode: value 40000 not representable as 1 raw value for tag ""
QWARN  : ValueCodecTest::testEncodeRejectsOverflow() ValueCodec::encode: value -40000 not representable as 1 raw value for tag ""
QWARN  : ValueCodecTest::testEncodeRejectsOverflow() ValueCodec::encode: value -1 not representable as 2 raw value for tag ""
QWARN  : ValueCodecTest::testEncodeRejectsOverflow() ValueCodec::encode: value 1e+40 not representable as 5 raw value for tag ""
PASS   : ValueCodecTest::testEncodeRejectsOverflow()
PASS   : ValueCodecTest::testDecodeWithScaleOffset()
PASS   : ValueCodecTest::testEncodeWithScaleOffset()
PASS   : ValueCodecTest::roundTrip_Int32_allByteOrders()
PASS   : ValueCodecTest::roundTrip_Float32_allByteOrders()
PASS   : ValueCodecTest::decode_insufficientRegisterData_error()
PASS   : ValueCodecTest::decode_addressOutOfRange_error()
PASS   : ValueCodecTest::decode_emptyUnit_error()
PASS   : ValueCodecTest::decode_invalidDataType_error()
PASS   : ValueCodecTest::cleanupTestCase()
Totals: 33 passed, 0 failed, 0 skipped, 0 blacklisted, 1ms
********* Finished testing of ValueCodecTest *********
<end of output>
Test time =   0.01 sec
----------------------------------------------------------
Test Passed.
"tst_ValueCodec" end time: Aug 06 22:13 CST
"tst_ValueCodec" time elapsed: 00:00:00
----------------------------------------------------------

5/8 Testing: tst_WriteQueue
5/8 Test: tst_WriteQueue
Command: "/home/victor/c_proj/plc_host/build/tests/tst_WriteQueue"
Directory: /home/victor/c_proj/plc_host/build/tests
"tst_WriteQueue" start time: Aug 06 22:13 CST
Output:
----------------------------------------------------------
********* Start testing of WriteQueueTest *********
Config: Using QtTest library 6.4.2, Qt 6.4.2 (x86_64-little_endian-lp64 shared (dynamic) release build; by GCC 13.2.0), ubuntu 24.04
PASS   : WriteQueueTest::initTestCase()
PASS   : WriteQueueTest::emptyQueue_isEmpty_returnsTrue()
PASS   : WriteQueueTest::enqueueDequeue_fifoOrder()
PASS   : WriteQueueTest::highPriorityRelease_dequeuedBeforeNormal()
PASS   : WriteQueueTest::samePriority_maintainsFifo()
PASS   : WriteQueueTest::removeExpired_removesOnlyExpired()
PASS   : WriteQueueTest::removeExpired_allExpired_emptiesQueue()
PASS   : WriteQueueTest::clear_dropsAllPending()
PASS   : WriteQueueTest::dequeueOnEmpty_returnsNullopt()
PASS   : WriteQueueTest::testDefaultInitializedCommandHasValidId()
PASS   : WriteQueueTest::testDefaultInitializedCommandHasValidTimestamp()
PASS   : WriteQueueTest::testExpiredBoundary()
PASS   : WriteQueueTest::testMixedPriorityOrder()
PASS   : WriteQueueTest::cleanupTestCase()
Totals: 14 passed, 0 failed, 0 skipped, 0 blacklisted, 1ms
********* Finished testing of WriteQueueTest *********
<end of output>
Test time =   0.01 sec
----------------------------------------------------------
Test Passed.
"tst_WriteQueue" end time: Aug 06 22:13 CST
"tst_WriteQueue" time elapsed: 00:00:00
----------------------------------------------------------

6/8 Testing: tst_TagCache
6/8 Test: tst_TagCache
Command: "/home/victor/c_proj/plc_host/build/tests/tst_TagCache"
Directory: /home/victor/c_proj/plc_host/build/tests
"tst_TagCache" start time: Aug 06 22:13 CST
Output:
----------------------------------------------------------
********* Start testing of TagCacheTest *********
Config: Using QtTest library 6.4.2, Qt 6.4.2 (x86_64-little_endian-lp64 shared (dynamic) release build; by GCC 13.2.0), ubuntu 24.04
PASS   : TagCacheTest::initTestCase()
PASS   : TagCacheTest::emptyCache_snapshot_returnsEmptyHash()
PASS   : TagCacheTest::updateValues_snapshot_containsValuesWithQuality()
PASS   : TagCacheTest::partialUpdate_keepsUnupdatedValues()
PASS   : TagCacheTest::staleTagIds_identifiesOldTimestamps()
PASS   : TagCacheTest::value_returnsDefault_forUnknownTagId()
PASS   : TagCacheTest::concurrentReadWrite()
PASS   : TagCacheTest::snapshotIsolation()
PASS   : TagCacheTest::staleBoundary()
PASS   : TagCacheTest::cleanupTestCase()
Totals: 10 passed, 0 failed, 0 skipped, 0 blacklisted, 218ms
********* Finished testing of TagCacheTest *********
<end of output>
Test time =   0.23 sec
----------------------------------------------------------
Test Passed.
"tst_TagCache" end time: Aug 06 22:13 CST
"tst_TagCache" time elapsed: 00:00:00
----------------------------------------------------------

7/8 Testing: tst_PollPlanner
7/8 Test: tst_PollPlanner
Command: "/home/victor/c_proj/plc_host/build/tests/tst_PollPlanner"
Directory: /home/victor/c_proj/plc_host/build/tests
"tst_PollPlanner" start time: Aug 06 22:13 CST
Output:
----------------------------------------------------------
********* Start testing of PollPlannerTest *********
Config: Using QtTest library 6.4.2, Qt 6.4.2 (x86_64-little_endian-lp64 shared (dynamic) release build; by GCC 13.2.0), ubuntu 24.04
PASS   : PollPlannerTest::initTestCase()
PASS   : PollPlannerTest::singleTag_createsOneGroup()
PASS   : PollPlannerTest::twoContiguousAddresses_mergedIntoOneBlock()
PASS   : PollPlannerTest::gapOfFiveRegisters_merged()
PASS   : PollPlannerTest::gapGreaterThanFive_splitsIntoTwoBlocks()
PASS   : PollPlannerTest::differentRegisterTypes_differentGroups()
PASS   : PollPlannerTest::differentPollIntervalMs_differentGroups()
PASS   : PollPlannerTest::moreThan125Registers_splits()
PASS   : PollPlannerTest::emptyTagList_returnsEmpty()
PASS   : PollPlannerTest::multiRegisterTag_extendsBlockSpan()
PASS   : PollPlannerTest::overlappingTags_mergedIntoSingleBlock()
PASS   : PollPlannerTest::overlappingTag_thenTailExtension_mergedIntoSingleBlock()
PASS   : PollPlannerTest::unsortedTags_sortedByAddress()
PASS   : PollPlannerTest::cleanupTestCase()
Totals: 14 passed, 0 failed, 0 skipped, 0 blacklisted, 1ms
********* Finished testing of PollPlannerTest *********
<end of output>
Test time =   0.01 sec
----------------------------------------------------------
Test Passed.
"tst_PollPlanner" end time: Aug 06 22:13 CST
"tst_PollPlanner" time elapsed: 00:00:00
----------------------------------------------------------

8/8 Testing: tst_QtModbusClient
8/8 Test: tst_QtModbusClient
Command: "/home/victor/c_proj/plc_host/build/tests/tst_QtModbusClient"
Directory: /home/victor/c_proj/plc_host/build/tests
"tst_QtModbusClient" start time: Aug 06 22:13 CST
Output:
----------------------------------------------------------
********* Start testing of QtModbusClientTest *********
Config: Using QtTest library 6.4.2, Qt 6.4.2 (x86_64-little_endian-lp64 shared (dynamic) release build; by GCC 13.2.0), ubuntu 24.04
PASS   : QtModbusClientTest::initTestCase()
PASS   : QtModbusClientTest::connectAndDisconnect()
PASS   : QtModbusClientTest::connectSignals()
PASS   : QtModbusClientTest::readHoldingRegisters()
PASS   : QtModbusClientTest::writeHoldingRegister()
PASS   : QtModbusClientTest::requestWhileDisconnected_returnsNullptr()
PASS   : QtModbusClientTest::cleanupTestCase()
Totals: 7 passed, 0 failed, 0 skipped, 0 blacklisted, 4ms
********* Finished testing of QtModbusClientTest *********
<end of output>
Test time =   0.01 sec
----------------------------------------------------------
Test Passed.
"tst_QtModbusClient" end time: Aug 06 22:13 CST
"tst_QtModbusClient" time elapsed: 00:00:00
----------------------------------------------------------

End testing: Aug 06 22:13 CST
