Start testing: Aug 07 00:03 CST
----------------------------------------------------------
1/20 Testing: tst_smoke
1/20 Test: tst_smoke
Command: "/home/victor/c_proj/plc_host/build/tests/tst_smoke"
Directory: /home/victor/c_proj/plc_host/build/tests
"tst_smoke" start time: Aug 07 00:03 CST
Output:
----------------------------------------------------------
********* Start testing of SmokeTest *********
Config: Using QtTest library 6.4.2, Qt 6.4.2 (x86_64-little_endian-lp64 shared (dynamic) release build; by GCC 13.2.0), ubuntu 24.04
PASS   : SmokeTest::initTestCase()
PASS   : SmokeTest::alwaysPasses()
PASS   : SmokeTest::cleanupTestCase()
Totals: 3 passed, 0 failed, 0 skipped, 0 blacklisted, 0ms
********* Finished testing of SmokeTest *********
<end of output>
Test time =   0.09 sec
----------------------------------------------------------
Test Passed.
"tst_smoke" end time: Aug 07 00:03 CST
"tst_smoke" time elapsed: 00:00:00
----------------------------------------------------------

2/20 Testing: tst_DomainModels
2/20 Test: tst_DomainModels
Command: "/home/victor/c_proj/plc_host/build/tests/tst_DomainModels"
Directory: /home/victor/c_proj/plc_host/build/tests
"tst_DomainModels" start time: Aug 07 00:03 CST
Output:
----------------------------------------------------------
********* Start testing of DomainModelsTest *********
Config: Using QtTest library 6.4.2, Qt 6.4.2 (x86_64-little_endian-lp64 shared (dynamic) release build; by GCC 13.2.0), ubuntu 24.04
PASS   : DomainModelsTest::initTestCase()
PASS   : DomainModelsTest::tag_registerCount_UInt16_returns_1()
PASS   : DomainModelsTest::tag_registerCount_Int32_returns_2()
PASS   : DomainModelsTest::tag_registerCount_Float32_returns_2()
PASS   : DomainModelsTest::tag_registerCount_Bool_returns_1()
PASS   : DomainModelsTest::tag_modbusAddress_returns_address()
PASS   : DomainModelsTest::tagValue_default_quality_is_Disconnected()
PASS   : DomainModelsTest::tagValue_default_tagId_is_negative()
PASS   : DomainModelsTest::cleanupTestCase()
Totals: 9 passed, 0 failed, 0 skipped, 0 blacklisted, 0ms
********* Finished testing of DomainModelsTest *********
<end of output>
Test time =   0.02 sec
----------------------------------------------------------
Test Passed.
"tst_DomainModels" end time: Aug 07 00:03 CST
"tst_DomainModels" time elapsed: 00:00:00
----------------------------------------------------------

3/20 Testing: tst_DatabaseMigrations
3/20 Test: tst_DatabaseMigrations
Command: "/home/victor/c_proj/plc_host/build/tests/tst_DatabaseMigrations"
Directory: /home/victor/c_proj/plc_host/build/tests
"tst_DatabaseMigrations" start time: Aug 07 00:03 CST
Output:
----------------------------------------------------------
********* Start testing of DatabaseMigrationsTest *********
Config: Using QtTest library 6.4.2, Qt 6.4.2 (x86_64-little_endian-lp64 shared (dynamic) release build; by GCC 13.2.0), ubuntu 24.04
PASS   : DatabaseMigrationsTest::initTestCase()
PASS   : DatabaseMigrationsTest::migrate_creates_all_tables()
PASS   : DatabaseMigrationsTest::migrate_idempotent()
PASS   : DatabaseMigrationsTest::currentVersion_returns_1_after_migration()
PASS   : DatabaseMigrationsTest::cleanupTestCase()
Totals: 5 passed, 0 failed, 0 skipped, 0 blacklisted, 109ms
********* Finished testing of DatabaseMigrationsTest *********
<end of output>
Test time =   0.13 sec
----------------------------------------------------------
Test Passed.
"tst_DatabaseMigrations" end time: Aug 07 00:03 CST
"tst_DatabaseMigrations" time elapsed: 00:00:00
----------------------------------------------------------

4/20 Testing: tst_ValueCodec
4/20 Test: tst_ValueCodec
Command: "/home/victor/c_proj/plc_host/build/tests/tst_ValueCodec"
Directory: /home/victor/c_proj/plc_host/build/tests
"tst_ValueCodec" start time: Aug 07 00:03 CST
Output:
----------------------------------------------------------
********* Start testing of ValueCodecTest *********
Config: Using QtTest library 6.4.2, Qt 6.4.2 (x86_64-little_endian-lp64 shared (dynamic) release build; by GCC 13.2.0), ubuntu 24.04
PASS   : ValueCodecTest::initTestCase()
PASS   : ValueCodecTest::modbusAddress_zeroBased()
PASS   : ValueCodecTest::toBase0_zeroBased_unchanged()
PASS   : ValueCodecTest::toBase0_oneBased_subtractsOne()
PASS   : ValueCodecTest::decode_UInt16_ABCD()
PASS   : ValueCodecTest::decode_UInt16_offsetWithinBlock()
PASS   : ValueCodecTest::decode_Int16_negative()
PASS   : ValueCodecTest::decode_Int32_allByteOrders_positive()
PASS   : ValueCodecTest::decode_Int32_allByteOrders_negative()
PASS   : ValueCodecTest::decode_Float32_allByteOrders()
PASS   : ValueCodecTest::decode_Float32_negative()
PASS   : ValueCodecTest::decode_UInt32_max()
PASS   : ValueCodecTest::decode_UInt32_allByteOrders()
PASS   : ValueCodecTest::decode_Bool_coil()
PASS   : ValueCodecTest::decode_Bool_registerBit()
PASS   : ValueCodecTest::decode_BitField_singleBit()
PASS   : ValueCodecTest::decode_BitField_multiBit()
PASS   : ValueCodecTest::encode_UInt16()
PASS   : ValueCodecTest::encode_Int32()
PASS   : ValueCodecTest::encode_Float32_allByteOrders()
PASS   : ValueCodecTest::encode_Bool()
QWARN  : ValueCodecTest::testEncodeScaleZero() ValueCodec::encode: scale is zero for tag ""
PASS   : ValueCodecTest::testEncodeScaleZero()
QWARN  : ValueCodecTest::testEncodeRejectsNaN() ValueCodec::encode: value nan not representable as 1 raw value for tag ""
QWARN  : ValueCodecTest::testEncodeRejectsNaN() ValueCodec::encode: value inf not representable as 1 raw value for tag ""
PASS   : ValueCodecTest::testEncodeRejectsNaN()
QWARN  : ValueCodecTest::testEncodeRejectsOverflow() ValueCodec::encode: value 40000 not representable as 1 raw value for tag ""
QWARN  : ValueCodecTest::testEncodeRejectsOverflow() ValueCodec::encode: value -40000 not representable as 1 raw value for tag ""
QWARN  : ValueCodecTest::testEncodeRejectsOverflow() ValueCodec::encode: value -1 not representable as 2 raw value for tag ""
QWARN  : ValueCodecTest::testEncodeRejectsOverflow() ValueCodec::encode: value 1e+40 not representable as 5 raw value for tag ""
PASS   : ValueCodecTest::testEncodeRejectsOverflow()
PASS   : ValueCodecTest::testDecodeWithScaleOffset()
PASS   : ValueCodecTest::testEncodeWithScaleOffset()
PASS   : ValueCodecTest::roundTrip_Int32_allByteOrders()
PASS   : ValueCodecTest::roundTrip_Float32_allByteOrders()
PASS   : ValueCodecTest::decode_insufficientRegisterData_error()
PASS   : ValueCodecTest::decode_addressOutOfRange_error()
PASS   : ValueCodecTest::decode_emptyUnit_error()
PASS   : ValueCodecTest::decode_invalidDataType_error()
PASS   : ValueCodecTest::cleanupTestCase()
Totals: 33 passed, 0 failed, 0 skipped, 0 blacklisted, 1ms
********* Finished testing of ValueCodecTest *********
<end of output>
Test time =   0.02 sec
----------------------------------------------------------
Test Passed.
"tst_ValueCodec" end time: Aug 07 00:03 CST
"tst_ValueCodec" time elapsed: 00:00:00
----------------------------------------------------------

5/20 Testing: tst_WriteQueue
5/20 Test: tst_WriteQueue
Command: "/home/victor/c_proj/plc_host/build/tests/tst_WriteQueue"
Directory: /home/victor/c_proj/plc_host/build/tests
"tst_WriteQueue" start time: Aug 07 00:03 CST
Output:
----------------------------------------------------------
********* Start testing of WriteQueueTest *********
Config: Using QtTest library 6.4.2, Qt 6.4.2 (x86_64-little_endian-lp64 shared (dynamic) release build; by GCC 13.2.0), ubuntu 24.04
PASS   : WriteQueueTest::initTestCase()
PASS   : WriteQueueTest::emptyQueue_isEmpty_returnsTrue()
PASS   : WriteQueueTest::enqueueDequeue_fifoOrder()
PASS   : WriteQueueTest::highPriorityRelease_dequeuedBeforeNormal()
PASS   : WriteQueueTest::samePriority_maintainsFifo()
PASS   : WriteQueueTest::removeExpired_removesOnlyExpired()
PASS   : WriteQueueTest::removeExpired_allExpired_emptiesQueue()
PASS   : WriteQueueTest::clear_dropsAllPending()
PASS   : WriteQueueTest::dequeueOnEmpty_returnsNullopt()
PASS   : WriteQueueTest::testDefaultInitializedCommandHasValidId()
PASS   : WriteQueueTest::testDefaultInitializedCommandHasValidTimestamp()
PASS   : WriteQueueTest::testExpiredBoundary()
PASS   : WriteQueueTest::testMixedPriorityOrder()
PASS   : WriteQueueTest::cleanupTestCase()
Totals: 14 passed, 0 failed, 0 skipped, 0 blacklisted, 1ms
********* Finished testing of WriteQueueTest *********
<end of output>
Test time =   0.02 sec
----------------------------------------------------------
Test Passed.
"tst_WriteQueue" end time: Aug 07 00:03 CST
"tst_WriteQueue" time elapsed: 00:00:00
----------------------------------------------------------

6/20 Testing: tst_TagCache
6/20 Test: tst_TagCache
Command: "/home/victor/c_proj/plc_host/build/tests/tst_TagCache"
Directory: /home/victor/c_proj/plc_host/build/tests
"tst_TagCache" start time: Aug 07 00:03 CST
Output:
----------------------------------------------------------
********* Start testing of TagCacheTest *********
Config: Using QtTest library 6.4.2, Qt 6.4.2 (x86_64-little_endian-lp64 shared (dynamic) release build; by GCC 13.2.0), ubuntu 24.04
PASS   : TagCacheTest::initTestCase()
PASS   : TagCacheTest::emptyCache_snapshot_returnsEmptyHash()
PASS   : TagCacheTest::updateValues_snapshot_containsValuesWithQuality()
PASS   : TagCacheTest::partialUpdate_keepsUnupdatedValues()
PASS   : TagCacheTest::staleTagIds_identifiesOldTimestamps()
PASS   : TagCacheTest::value_returnsDefault_forUnknownTagId()
PASS   : TagCacheTest::concurrentReadWrite()
PASS   : TagCacheTest::snapshotIsolation()
PASS   : TagCacheTest::staleBoundary()
PASS   : TagCacheTest::cleanupTestCase()
Totals: 10 passed, 0 failed, 0 skipped, 0 blacklisted, 253ms
********* Finished testing of TagCacheTest *********
<end of output>
Test time =   0.28 sec
----------------------------------------------------------
Test Passed.
"tst_TagCache" end time: Aug 07 00:03 CST
"tst_TagCache" time elapsed: 00:00:00
----------------------------------------------------------

7/20 Testing: tst_PollPlanner
7/20 Test: tst_PollPlanner
Command: "/home/victor/c_proj/plc_host/build/tests/tst_PollPlanner"
Directory: /home/victor/c_proj/plc_host/build/tests
"tst_PollPlanner" start time: Aug 07 00:03 CST
Output:
----------------------------------------------------------
********* Start testing of PollPlannerTest *********
Config: Using QtTest library 6.4.2, Qt 6.4.2 (x86_64-little_endian-lp64 shared (dynamic) release build; by GCC 13.2.0), ubuntu 24.04
PASS   : PollPlannerTest::initTestCase()
PASS   : PollPlannerTest::singleTag_createsOneGroup()
PASS   : PollPlannerTest::twoContiguousAddresses_mergedIntoOneBlock()
PASS   : PollPlannerTest::gapOfFiveRegisters_merged()
PASS   : PollPlannerTest::gapGreaterThanFive_splitsIntoTwoBlocks()
PASS   : PollPlannerTest::differentRegisterTypes_differentGroups()
PASS   : PollPlannerTest::differentPollIntervalMs_differentGroups()
PASS   : PollPlannerTest::moreThan125Registers_splits()
PASS   : PollPlannerTest::emptyTagList_returnsEmpty()
PASS   : PollPlannerTest::multiRegisterTag_extendsBlockSpan()
PASS   : PollPlannerTest::overlappingTags_mergedIntoSingleBlock()
PASS   : PollPlannerTest::overlappingTag_thenTailExtension_mergedIntoSingleBlock()
PASS   : PollPlannerTest::unsortedTags_sortedByAddress()
PASS   : PollPlannerTest::cleanupTestCase()
Totals: 14 passed, 0 failed, 0 skipped, 0 blacklisted, 1ms
********* Finished testing of PollPlannerTest *********
<end of output>
Test time =   0.02 sec
----------------------------------------------------------
Test Passed.
"tst_PollPlanner" end time: Aug 07 00:03 CST
"tst_PollPlanner" time elapsed: 00:00:00
----------------------------------------------------------

8/20 Testing: tst_DashboardRepository
8/20 Test: tst_DashboardRepository
Command: "/home/victor/c_proj/plc_host/build/tests/tst_DashboardRepository"
Directory: /home/victor/c_proj/plc_host/build/tests
"tst_DashboardRepository" start time: Aug 07 00:03 CST
Output:
----------------------------------------------------------
********* Start testing of DashboardRepositoryTest *********
Config: Using QtTest library 6.4.2, Qt 6.4.2 (x86_64-little_endian-lp64 shared (dynamic) release build; by GCC 13.2.0), ubuntu 24.04
PASS   : DashboardRepositoryTest::initTestCase()
PASS   : DashboardRepositoryTest::createPage_loadPages_returnsCorrectPage()
PASS   : DashboardRepositoryTest::updatePageName_reflectedOnReload()
PASS   : DashboardRepositoryTest::deletePage_cascadesItems()
PASS   : DashboardRepositoryTest::saveItems_loadItems_roundtripAllFields()
PASS   : DashboardRepositoryTest::zOrder_roundtrip_isExact()
PASS   : DashboardRepositoryTest::jsonFields_roundtrip_isExact()
PASS   : DashboardRepositoryTest::cleanupTestCase()
Totals: 8 passed, 0 failed, 0 skipped, 0 blacklisted, 207ms
********* Finished testing of DashboardRepositoryTest *********
<end of output>
Test time =   0.23 sec
----------------------------------------------------------
Test Passed.
"tst_DashboardRepository" end time: Aug 07 00:03 CST
"tst_DashboardRepository" time elapsed: 00:00:00
----------------------------------------------------------

9/20 Testing: tst_UndoCommands
9/20 Test: tst_UndoCommands
Command: "/home/victor/c_proj/plc_host/build/tests/tst_UndoCommands"
Directory: /home/victor/c_proj/plc_host/build/tests
"tst_UndoCommands" start time: Aug 07 00:03 CST
Output:
----------------------------------------------------------
********* Start testing of UndoCommandsTest *********
Config: Using QtTest library 6.4.2, Qt 6.4.2 (x86_64-little_endian-lp64 shared (dynamic) release build; by GCC 13.2.0), ubuntu 24.04
PASS   : UndoCommandsTest::initTestCase()
PASS   : UndoCommandsTest::addItemCommand_undo_removesItemFromScene()
PASS   : UndoCommandsTest::addItemCommand_redoAfterUndo_reusesSameItem()
PASS   : UndoCommandsTest::addItemWithUndo_roundTrips()
PASS   : UndoCommandsTest::removeItemCommand_undo_restoresAllProperties()
PASS   : UndoCommandsTest::removeItemCommand_redoAfterUndo_recreatesItem()
PASS   : UndoCommandsTest::deleteSelected_undo_restoresItems()
PASS   : UndoCommandsTest::moveCommand_mergesConsecutiveMoves()
PASS   : UndoCommandsTest::moveCommand_microMove_doesNotMerge()
PASS   : UndoCommandsTest::multipleMoves_undo_returnsToInitialPosition()
PASS   : UndoCommandsTest::resizeCommand_redoUndo_appliesRects()
PASS   : UndoCommandsTest::resizeCommand_mergesConsecutiveResizes()
PASS   : UndoCommandsTest::propertyChangeCommand_undo_restoresOldValue()
PASS   : UndoCommandsTest::propertyChangeCommand_undefinedValue_removesProperty()
PASS   : UndoCommandsTest::propertyChangeCommand_commonStyle_roundTrips()
PASS   : UndoCommandsTest::cleanupTestCase()
Totals: 16 passed, 0 failed, 0 skipped, 0 blacklisted, 1ms
********* Finished testing of UndoCommandsTest *********
<end of output>
Test time =   0.02 sec
----------------------------------------------------------
Test Passed.
"tst_UndoCommands" end time: Aug 07 00:03 CST
"tst_UndoCommands" time elapsed: 00:00:00
----------------------------------------------------------

10/20 Testing: tst_QtModbusClient
10/20 Test: tst_QtModbusClient
Command: "/home/victor/c_proj/plc_host/build/tests/tst_QtModbusClient"
Directory: /home/victor/c_proj/plc_host/build/tests
"tst_QtModbusClient" start time: Aug 07 00:03 CST
Output:
----------------------------------------------------------
********* Start testing of QtModbusClientTest *********
Config: Using QtTest library 6.4.2, Qt 6.4.2 (x86_64-little_endian-lp64 shared (dynamic) release build; by GCC 13.2.0), ubuntu 24.04
PASS   : QtModbusClientTest::initTestCase()
PASS   : QtModbusClientTest::connectAndDisconnect()
PASS   : QtModbusClientTest::connectSignals()
PASS   : QtModbusClientTest::readHoldingRegisters()
PASS   : QtModbusClientTest::writeHoldingRegister()
PASS   : QtModbusClientTest::requestWhileDisconnected_returnsNullptr()
PASS   : QtModbusClientTest::cleanupTestCase()
Totals: 7 passed, 0 failed, 0 skipped, 0 blacklisted, 5ms
********* Finished testing of QtModbusClientTest *********
<end of output>
Test time =   0.03 sec
----------------------------------------------------------
Test Passed.
"tst_QtModbusClient" end time: Aug 07 00:03 CST
"tst_QtModbusClient" time elapsed: 00:00:00
----------------------------------------------------------

11/20 Testing: tst_AcquisitionEngine
11/20 Test: tst_AcquisitionEngine
Command: "/home/victor/c_proj/plc_host/build/tests/tst_AcquisitionEngine"
Directory: /home/victor/c_proj/plc_host/build/tests
"tst_AcquisitionEngine" start time: Aug 07 00:03 CST
Output:
----------------------------------------------------------
********* Start testing of AcquisitionEngineTest *********
Config: Using QtTest library 6.4.2, Qt 6.4.2 (x86_64-little_endian-lp64 shared (dynamic) release build; by GCC 13.2.0), ubuntu 24.04
PASS   : AcquisitionEngineTest::initTestCase()
PASS   : AcquisitionEngineTest::pollAndUpdate()
PASS   : AcquisitionEngineTest::connectionStateSequence()
PASS   : AcquisitionEngineTest::writeAndComplete()
PASS   : AcquisitionEngineTest::reconnectBackoff()
PASS   : AcquisitionEngineTest::staleOnFailure()
PASS   : AcquisitionEngineTest::stop_doesNotAutoReconnect()
PASS   : AcquisitionEngineTest::cleanupTestCase()
Totals: 8 passed, 0 failed, 0 skipped, 0 blacklisted, 807ms
********* Finished testing of AcquisitionEngineTest *********
<end of output>
Test time =   0.83 sec
----------------------------------------------------------
Test Passed.
"tst_AcquisitionEngine" end time: Aug 07 00:03 CST
"tst_AcquisitionEngine" time elapsed: 00:00:00
----------------------------------------------------------

12/20 Testing: tst_UiSmoke
12/20 Test: tst_UiSmoke
Command: "/home/victor/c_proj/plc_host/build/tests/tst_UiSmoke"
Directory: /home/victor/c_proj/plc_host/build/tests
"tst_UiSmoke" start time: Aug 07 00:03 CST
Output:
----------------------------------------------------------
********* Start testing of UiSmokeTest *********
Config: Using QtTest library 6.4.2, Qt 6.4.2 (x86_64-little_endian-lp64 shared (dynamic) release build; by GCC 13.2.0), ubuntu 24.04
PASS   : UiSmokeTest::initTestCase()
QWARN  : UiSmokeTest::mainWindow_constructs_and_navigates() This plugin does not support propagateSizeHints()
PASS   : UiSmokeTest::mainWindow_constructs_and_navigates()
PASS   : UiSmokeTest::plcConfigWidget_fields_roundtrip()
PASS   : UiSmokeTest::plcConfigWidget_defaults_apply()
PASS   : UiSmokeTest::tagEditorModel_crud_and_edit()
PASS   : UiSmokeTest::tagEditorModel_move_up_down()
PASS   : UiSmokeTest::tagMonitorModel_values_colors_and_filter()
PASS   : UiSmokeTest::cleanupTestCase()
Totals: 8 passed, 0 failed, 0 skipped, 0 blacklisted, 80ms
********* Finished testing of UiSmokeTest *********
<end of output>
Test time =   0.10 sec
----------------------------------------------------------
Test Passed.
"tst_UiSmoke" end time: Aug 07 00:03 CST
"tst_UiSmoke" time elapsed: 00:00:00
----------------------------------------------------------

13/20 Testing: tst_DashboardScene
13/20 Test: tst_DashboardScene
Command: "/home/victor/c_proj/plc_host/build/tests/tst_DashboardScene"
Directory: /home/victor/c_proj/plc_host/build/tests
"tst_DashboardScene" start time: Aug 07 00:03 CST
Output:
----------------------------------------------------------
********* Start testing of DashboardSceneTest *********
Config: Using QtTest library 6.4.2, Qt 6.4.2 (x86_64-little_endian-lp64 shared (dynamic) release build; by GCC 13.2.0), ubuntu 24.04
PASS   : DashboardSceneTest::initTestCase()
PASS   : DashboardSceneTest::addItem_creates_components()
PASS   : DashboardSceneTest::setEditMode_locks_items()
PASS   : DashboardSceneTest::snapToGrid_rounds_to_nearest()
PASS   : DashboardSceneTest::bringToFront_sendToBack_adjusts_zvalue()
PASS   : DashboardSceneTest::alignSelected_uses_bounding_box()
PASS   : DashboardSceneTest::deleteSelected_removes_items()
PASS   : DashboardSceneTest::selectedItems_filters_non_dashboard_items()
PASS   : DashboardSceneTest::setPage_sets_canvas_and_background()
PASS   : DashboardSceneTest::view_edit_mode_and_fitToScreen()
PASS   : DashboardSceneTest::cleanupTestCase()
Totals: 11 passed, 0 failed, 0 skipped, 0 blacklisted, 20ms
********* Finished testing of DashboardSceneTest *********
<end of output>
Test time =   0.03 sec
----------------------------------------------------------
Test Passed.
"tst_DashboardScene" end time: Aug 07 00:03 CST
"tst_DashboardScene" time elapsed: 00:00:00
----------------------------------------------------------

14/20 Testing: tst_DashboardGeometry
14/20 Test: tst_DashboardGeometry
Command: "/home/victor/c_proj/plc_host/build/tests/tst_DashboardGeometry"
Directory: /home/victor/c_proj/plc_host/build/tests
"tst_DashboardGeometry" start time: Aug 07 00:03 CST
Output:
----------------------------------------------------------
********* Start testing of DashboardGeometryTest *********
Config: Using QtTest library 6.4.2, Qt 6.4.2 (x86_64-little_endian-lp64 shared (dynamic) release build; by GCC 13.2.0), ubuntu 24.04
PASS   : DashboardGeometryTest::initTestCase()
PASS   : DashboardGeometryTest::multiSelect()
PASS   : DashboardGeometryTest::resizeEnforcesMinimum()
PASS   : DashboardGeometryTest::stepForwardOrder()
PASS   : DashboardGeometryTest::copyPaste()
PASS   : DashboardGeometryTest::deleteReducesCount()
PASS   : DashboardGeometryTest::alignLeft()
PASS   : DashboardGeometryTest::cleanupTestCase()
Totals: 8 passed, 0 failed, 0 skipped, 0 blacklisted, 1ms
********* Finished testing of DashboardGeometryTest *********
<end of output>
Test time =   0.02 sec
----------------------------------------------------------
Test Passed.
"tst_DashboardGeometry" end time: Aug 07 00:03 CST
"tst_DashboardGeometry" time elapsed: 00:00:00
----------------------------------------------------------

15/20 Testing: tst_DashboardItems
15/20 Test: tst_DashboardItems
Command: "/home/victor/c_proj/plc_host/build/tests/tst_DashboardItems"
Directory: /home/victor/c_proj/plc_host/build/tests
"tst_DashboardItems" start time: Aug 07 00:03 CST
Output:
----------------------------------------------------------
********* Start testing of DashboardItemsTest *********
Config: Using QtTest library 6.4.2, Qt 6.4.2 (x86_64-little_endian-lp64 shared (dynamic) release build; by GCC 13.2.0), ubuntu 24.04
PASS   : DashboardItemsTest::initTestCase()
PASS   : DashboardItemsTest::factory_creates_concrete_components()
PASS   : DashboardItemsTest::textItem_text_property()
PASS   : DashboardItemsTest::textItem_serialize_roundtrip()
PASS   : DashboardItemsTest::rectItem_default_size()
PASS   : DashboardItemsTest::rectItem_deserialize_from_commonStyle()
PASS   : DashboardItemsTest::imageItem_fitmode_roundtrip()
PASS   : DashboardItemsTest::valueItem_default_display_dashdash()
PASS   : DashboardItemsTest::valueItem_serialize_roundtrip()
PASS   : DashboardItemsTest::ledItem_label()
PASS   : DashboardItemsTest::ledItem_state_changes_color()
PASS   : DashboardItemsTest::switchItem_toggles_only_in_run_mode()
PASS   : DashboardItemsTest::switchItem_serialize_roundtrip()
PASS   : DashboardItemsTest::factory_creates_button()
PASS   : DashboardItemsTest::buttonStateTransitions()
PASS   : DashboardItemsTest::button_editMode_doesNotChangeVisual()
PASS   : DashboardItemsTest::button_disabled_waiting_states()
PASS   : DashboardItemsTest::button_actionTriggered_on_release_run_mode()
PASS   : DashboardItemsTest::button_serialize_roundtrip()
PASS   : DashboardItemsTest::progressBarRenders()
PASS   : DashboardItemsTest::gaugeRenders()
QWARN  : DashboardItemsTest::valueInputDoubleClick() This plugin does not support propagateSizeHints()
QWARN  : DashboardItemsTest::valueInputDoubleClick() This plugin does not support propagateSizeHints()
PASS   : DashboardItemsTest::valueInputDoubleClick()
PASS   : DashboardItemsTest::trendPlaceholderRenders()
PASS   : DashboardItemsTest::render_smoke_all_components()
PASS   : DashboardItemsTest::cleanupTestCase()
Totals: 25 passed, 0 failed, 0 skipped, 0 blacklisted, 60ms
********* Finished testing of DashboardItemsTest *********
<end of output>
Test time =   0.07 sec
----------------------------------------------------------
Test Passed.
"tst_DashboardItems" end time: Aug 07 00:03 CST
"tst_DashboardItems" time elapsed: 00:00:00
----------------------------------------------------------

16/20 Testing: tst_ButtonActionModel
16/20 Test: tst_ButtonActionModel
Command: "/home/victor/c_proj/plc_host/build/tests/tst_ButtonActionModel"
Directory: /home/victor/c_proj/plc_host/build/tests
"tst_ButtonActionModel" start time: Aug 07 00:03 CST
Output:
----------------------------------------------------------
********* Start testing of ButtonActionModelTest *********
Config: Using QtTest library 6.4.2, Qt 6.4.2 (x86_64-little_endian-lp64 shared (dynamic) release build; by GCC 13.2.0), ubuntu 24.04
PASS   : ButtonActionModelTest::initTestCase()
PASS   : ButtonActionModelTest::defaultAction_isFixedValue()
PASS   : ButtonActionModelTest::momentary_pressReleaseValues_roundtrip()
PASS   : ButtonActionModelTest::toggle_onOffValues_roundtrip()
PASS   : ButtonActionModelTest::fixedValue_targetValue_roundtrip()
PASS   : ButtonActionModelTest::inputValue_withConfirmMessage_roundtrip()
PASS   : ButtonActionModelTest::navigatePage_targetPage_roundtrip()
PASS   : ButtonActionModelTest::json_usesReadableTypeNames()
PASS   : ButtonActionModelTest::invalidJson_parsingFails()
PASS   : ButtonActionModelTest::cleanupTestCase()
Totals: 10 passed, 0 failed, 0 skipped, 0 blacklisted, 0ms
********* Finished testing of ButtonActionModelTest *********
<end of output>
Test time =   0.02 sec
----------------------------------------------------------
Test Passed.
"tst_ButtonActionModel" end time: Aug 07 00:03 CST
"tst_ButtonActionModel" time elapsed: 00:00:00
----------------------------------------------------------

17/20 Testing: tst_ButtonActionExecutor
17/20 Test: tst_ButtonActionExecutor
Command: "/home/victor/c_proj/plc_host/build/tests/tst_ButtonActionExecutor"
Directory: /home/victor/c_proj/plc_host/build/tests
"tst_ButtonActionExecutor" start time: Aug 07 00:03 CST
Output:
----------------------------------------------------------
********* Start testing of ButtonActionExecutorTest *********
Config: Using QtTest library 6.4.2, Qt 6.4.2 (x86_64-little_endian-lp64 shared (dynamic) release build; by GCC 13.2.0), ubuntu 24.04
PASS   : ButtonActionExecutorTest::initTestCase()
PASS   : ButtonActionExecutorTest::momentaryPress_emitsWriteCommand_withPressSemantics()
PASS   : ButtonActionExecutorTest::releaseMomentary_emitsReleaseCommand_sameIdAndHighPriority()
PASS   : ButtonActionExecutorTest::releaseMomentary_notPressed_emitsNothing()
PASS   : ButtonActionExecutorTest::releaseMomentary_withoutParamB_usesPrePressCacheValue()
PASS   : ButtonActionExecutorTest::releaseAllMomentary_releasesAllActiveButtons()
PASS   : ButtonActionExecutorTest::fixedValue_emitsWriteCommand_withTargetValue()
PASS   : ButtonActionExecutorTest::toggle_currentEqualsParamA_writesParamB()
PASS   : ButtonActionExecutorTest::toggle_currentDiffersFromParamA_writesParamA()
PASS   : ButtonActionExecutorTest::toggle_boolCacheVsIntParam_comparesAcrossTypes()
PASS   : ButtonActionExecutorTest::isButtonEnabled_offline_returnsFalse()
PASS   : ButtonActionExecutorTest::isButtonEnabled_onlineAndGood_returnsTrue()
PASS   : ButtonActionExecutorTest::isButtonEnabled_readOnly_returnsFalse()
PASS   : ButtonActionExecutorTest::isButtonEnabled_badQuality_returnsFalse()
PASS   : ButtonActionExecutorTest::isButtonEnabled_staleValue_returnsFalse()
PASS   : ButtonActionExecutorTest::navigatePage_emitsPageNavigationRequested()
PASS   : ButtonActionExecutorTest::inputValue_emitsInputRequested()
PASS   : ButtonActionExecutorTest::execute_disabledButton_emitsActionRejected()
PASS   : ButtonActionExecutorTest::momentary_timeoutAfter3s_autoReleases()
PASS   : ButtonActionExecutorTest::cleanupTestCase()
Totals: 20 passed, 0 failed, 0 skipped, 0 blacklisted, 2980ms
********* Finished testing of ButtonActionExecutorTest *********
<end of output>
Test time =   3.00 sec
----------------------------------------------------------
Test Passed.
"tst_ButtonActionExecutor" end time: Aug 07 00:03 CST
"tst_ButtonActionExecutor" time elapsed: 00:00:03
----------------------------------------------------------

18/20 Testing: tst_DashboardRuntime
18/20 Test: tst_DashboardRuntime
Command: "/home/victor/c_proj/plc_host/build/tests/tst_DashboardRuntime"
Directory: /home/victor/c_proj/plc_host/build/tests
"tst_DashboardRuntime" start time: Aug 07 00:03 CST
Output:
----------------------------------------------------------
********* Start testing of DashboardRuntimeTest *********
Config: Using QtTest library 6.4.2, Qt 6.4.2 (x86_64-little_endian-lp64 shared (dynamic) release build; by GCC 13.2.0), ubuntu 24.04
PASS   : DashboardRuntimeTest::initTestCase()
PASS   : DashboardRuntimeTest::switchToRunMode_locksSceneItems()
PASS   : DashboardRuntimeTest::setEditMode_releasesAllMomentary()
PASS   : DashboardRuntimeTest::switchPage_releasesAllMomentary()
PASS   : DashboardRuntimeTest::loadPage_displaysItems()
PASS   : DashboardRuntimeTest::navigatePageAction_switchesPage()
PASS   : DashboardRuntimeTest::cleanupTestCase()
Totals: 7 passed, 0 failed, 0 skipped, 0 blacklisted, 169ms
********* Finished testing of DashboardRuntimeTest *********
<end of output>
Test time =   0.19 sec
----------------------------------------------------------
Test Passed.
"tst_DashboardRuntime" end time: Aug 07 00:03 CST
"tst_DashboardRuntime" time elapsed: 00:00:00
----------------------------------------------------------

19/20 Testing: tst_HistoryService
19/20 Test: tst_HistoryService
Command: "/home/victor/c_proj/plc_host/build/tests/tst_HistoryService"
Directory: /home/victor/c_proj/plc_host/build/tests
"tst_HistoryService" start time: Aug 07 00:03 CST
Output:
----------------------------------------------------------
********* Start testing of HistoryServiceTest *********
Config: Using QtTest library 6.4.2, Qt 6.4.2 (x86_64-little_endian-lp64 shared (dynamic) release build; by GCC 13.2.0), ubuntu 24.04
PASS   : HistoryServiceTest::initTestCase()
PASS   : HistoryServiceTest::enqueue_flush_query_roundtrip()
PASS   : HistoryServiceTest::batch_write_auto_flushes()
PASS   : HistoryServiceTest::query_empty_returns_empty()
PASS   : HistoryServiceTest::cleanOldData_deletes_only_expired()
PASS   : HistoryServiceTest::cleanOldData_batches_many_rows()
PASS   : HistoryServiceTest::cleanupTestCase()
Totals: 7 passed, 0 failed, 0 skipped, 0 blacklisted, 452ms
********* Finished testing of HistoryServiceTest *********
<end of output>
Test time =   0.47 sec
----------------------------------------------------------
Test Passed.
"tst_HistoryService" end time: Aug 07 00:03 CST
"tst_HistoryService" time elapsed: 00:00:00
----------------------------------------------------------

20/20 Testing: tst_AlarmEngine
20/20 Test: tst_AlarmEngine
Command: "/home/victor/c_proj/plc_host/build/tests/tst_AlarmEngine"
Directory: /home/victor/c_proj/plc_host/build/tests
"tst_AlarmEngine" start time: Aug 07 00:03 CST
Output:
----------------------------------------------------------
********* Start testing of AlarmEngineTest *********
Config: Using QtTest library 6.4.2, Qt 6.4.2 (x86_64-little_endian-lp64 shared (dynamic) release build; by GCC 13.2.0), ubuntu 24.04
PASS   : AlarmEngineTest::initTestCase()
PASS   : AlarmEngineTest::bool_alarm_trigger_ack_recover()
PASS   : AlarmEngineTest::high_alarm_triggers_and_recovery_uses_hysteresis()
PASS   : AlarmEngineTest::low_alarm_triggers_below_threshold()
PASS   : AlarmEngineTest::condition_cleared_during_delay_does_not_trigger()
PASS   : AlarmEngineTest::disabled_rule_never_triggers()
PASS   : AlarmEngineTest::change_alarm_triggers_on_value_change()
PASS   : AlarmEngineTest::highhigh_and_lowlow_share_threshold_logic()
PASS   : AlarmEngineTest::non_good_quality_values_are_ignored()
PASS   : AlarmEngineTest::acknowledge_on_inactive_rule_is_noop()
PASS   : AlarmEngineTest::cleanupTestCase()
Totals: 11 passed, 0 failed, 0 skipped, 0 blacklisted, 603ms
********* Finished testing of AlarmEngineTest *********
<end of output>
Test time =   0.64 sec
----------------------------------------------------------
Test Passed.
"tst_AlarmEngine" end time: Aug 07 00:03 CST
"tst_AlarmEngine" time elapsed: 00:00:00
----------------------------------------------------------

End testing: Aug 07 00:03 CST
